CON\0000000001 >> SQL : Connect
Load Object Query 
SELECT * FROM information_schema.columns WHERE  table_name = 'APPLICATION_SETUP'
CON\0000000001 >> SQL Text: SELECT AS_ID, AS_NAME, AS_VALUE, CREATED_DATE, CREATED_BY, MODIFIED_BY, MODIFIED_DATE, VERSION_NO FROM APPLICATION_SETUP WHERE AS_NAME='BNK_CERT_KEY_PATH'
CON\0000000001 Returned: 1 row(s)
CON\0000000001 Total execution Time: 00:00:00.0020000

Load Object Query 
SELECT * FROM information_schema.columns WHERE  table_name = 'COMM_SETUP'
CON\0000000001 >> SQL Text: SELECT CM_ID, EXCHANGE_MODE, USERNAME, EMAIL_ID, MOBILE_NO FROM COMM_SETUP WHERE EXCHANGE_MODE='UPLOAD'
CON\0000000001 Returned: 1 row(s)
CON\0000000001 Total execution Time: 00:00:00.0010000

Load Object Query 
SELECT * FROM information_schema.columns WHERE  table_name = 'COMM_MSG_TEMPLATE'
CON\0000000001 >> SQL Text: SELECT CMMSGT_ID, CM_ID, COMM_TYPE, MSG_TEMPLATE, SUBJECT, IS_ENABLED, CREATED_BY, CREATED_DATE, MODIFIED_BY, MODIFIED_DATE, VERSION_NO FROM COMM_MSG_TEMPLATE WHERE COMM_TYPE='MAIL'AND CM_ID=3
CON\0000000001 Returned: 1 row(s)
CON\0000000001 Total execution Time: 00:00:00

Load Object Query 
SELECT * FROM information_schema.columns WHERE  table_name = 'COMM_MSG_TEMPLATE'
CON\0000000001 >> SQL Text: SELECT CMMSGT_ID, CM_ID, COMM_TYPE, MSG_TEMPLATE, SUBJECT, IS_ENABLED, CREATED_BY, CREATED_DATE, MODIFIED_BY, MODIFIED_DATE, VERSION_NO FROM COMM_MSG_TEMPLATE WHERE COMM_TYPE='SMS'AND CM_ID=3
CON\0000000001 Returned: 1 row(s)
CON\0000000001 Total execution Time: 00:00:00.0010000

Load Object Query 
SELECT * FROM information_schema.columns WHERE  table_name = 'SCHEDULER_LOG'
CON\0000000001 >> SQL Text: SELECT SL_ID, JOB_NAME, STATUS, START_TIME, END_TIME, ERROR_MSG FROM SCHEDULER_LOG
CON\0000000001 Returned: 0 row(s)
CON\0000000001 Total execution Time: 00:00:00

Load Object Query 
SELECT * FROM information_schema.columns WHERE  table_name = 'SCHEDULER_LOG'
CON\0000000001 >> SQL Text: SELECT SL_ID, JOB_NAME, STATUS, START_TIME, END_TIME, ERROR_MSG FROM SCHEDULER_LOG
CON\0000000001 Returned: 1 row(s)
CON\0000000001 Total execution Time: 00:00:00.0010000

Load Object Query 
SELECT * FROM information_schema.columns WHERE  table_name = 'EXCHANGE_LOGS'
Load Object Query 
SELECT * FROM information_schema.columns WHERE  table_name = 'EXCHANGE_FILES'
CON\0000000001 >> SQL Text: SELECT EXL.EXL_MESSAGE EXL_MESSAGE, EXL.CREATED_DATE CREATED_DATE, EXF.EXF_FILENAME EXF_FILENAME, EXF.EXF_SOURCEFILENAME EXF_SOURCEFILENAME, EXF.EXF_STATUS EXF_STATUS, EXF.EXF_TYPE EXF_TYPE FROM EXCHANGE_LOGS EXL INNER JOIN EXCHANGE_FILES EXF ON EXL.EXF_ID=EXF.EXF_ID
CON\0000000001 Returned: 0 row(s)
CON\0000000001 Total execution Time: 00:00:00.0010000

Load Object Query 
SELECT * FROM information_schema.columns WHERE  table_name = 'SCHEDULER_LOG'
CON\0000000001 >> SQL Text: SELECT SL_ID, JOB_NAME, STATUS, START_TIME, END_TIME, ERROR_MSG FROM SCHEDULER_LOG
CON\0000000001 Returned: 1 row(s)
CON\0000000001 Total execution Time: 00:00:00

Load Object Query 
SELECT * FROM information_schema.columns WHERE  table_name = 'SCHEDULER_LOG'
CON\0000000001 >> SQL Text: SELECT SL_ID, JOB_NAME, STATUS, START_TIME, END_TIME, ERROR_MSG FROM SCHEDULER_LOG
CON\0000000001 Returned: 1 row(s)
CON\0000000001 Total execution Time: 00:00:00.0010000

Load Object Query 
SELECT * FROM information_schema.columns WHERE  table_name = 'EXCHANGE_LOGS'
Load Object Query 
SELECT * FROM information_schema.columns WHERE  table_name = 'EXCHANGE_FILES'
CON\0000000001 >> SQL Text: SELECT EXL.EXL_MESSAGE EXL_MESSAGE, EXL.CREATED_DATE CREATED_DATE, EXF.EXF_FILENAME EXF_FILENAME, EXF.EXF_SOURCEFILENAME EXF_SOURCEFILENAME, EXF.EXF_STATUS EXF_STATUS, EXF.EXF_TYPE EXF_TYPE FROM EXCHANGE_LOGS EXL INNER JOIN EXCHANGE_FILES EXF ON EXL.EXF_ID=EXF.EXF_ID
CON\0000000001 Returned: 0 row(s)
CON\0000000001 Total execution Time: 00:00:00.0010000

Load Object Query 
SELECT * FROM information_schema.columns WHERE  table_name = 'SCHEDULER_LOG'
CON\0000000001 >> SQL Text: SELECT SL_ID, JOB_NAME, STATUS, START_TIME, END_TIME, ERROR_MSG FROM SCHEDULER_LOG
CON\0000000001 Returned: 1 row(s)
CON\0000000001 Total execution Time: 00:00:00

Load Object Query 
SELECT * FROM information_schema.columns WHERE  table_name = 'SCHEDULER_LOG'
CON\0000000001 >> SQL Text: SELECT SL_ID, JOB_NAME, STATUS, START_TIME, END_TIME, ERROR_MSG FROM SCHEDULER_LOG
CON\0000000001 Returned: 1 row(s)
CON\0000000001 Total execution Time: 00:00:00

Load Object Query 
SELECT * FROM information_schema.columns WHERE  table_name = 'EXCHANGE_LOGS'
Load Object Query 
SELECT * FROM information_schema.columns WHERE  table_name = 'EXCHANGE_FILES'
CON\0000000001 >> SQL Text: SELECT EXL.EXL_MESSAGE EXL_MESSAGE, EXL.CREATED_DATE CREATED_DATE, EXF.EXF_FILENAME EXF_FILENAME, EXF.EXF_SOURCEFILENAME EXF_SOURCEFILENAME, EXF.EXF_STATUS EXF_STATUS, EXF.EXF_TYPE EXF_TYPE FROM EXCHANGE_LOGS EXL INNER JOIN EXCHANGE_FILES EXF ON EXL.EXF_ID=EXF.EXF_ID
CON\0000000001 Returned: 0 row(s)
CON\0000000001 Total execution Time: 00:00:00.0010000

Load Object Query 
SELECT * FROM information_schema.columns WHERE  table_name = 'SCHEDULER_LOG'
CON\0000000001 >> SQL Text: SELECT SL_ID, JOB_NAME, STATUS, START_TIME, END_TIME, ERROR_MSG FROM SCHEDULER_LOG
CON\0000000001 Returned: 1 row(s)
CON\0000000001 Total execution Time: 00:00:00.0010000

Load Object Query 
SELECT * FROM information_schema.columns WHERE  table_name = 'SCHEDULER_LOG'
CON\0000000001 >> SQL Text: SELECT SL_ID, JOB_NAME, STATUS, START_TIME, END_TIME, ERROR_MSG FROM SCHEDULER_LOG
CON\0000000001 Returned: 1 row(s)
CON\0000000001 Total execution Time: 00:00:00

Load Object Query 
SELECT * FROM information_schema.columns WHERE  table_name = 'EXCHANGE_LOGS'
Load Object Query 
SELECT * FROM information_schema.columns WHERE  table_name = 'EXCHANGE_FILES'
CON\0000000001 >> SQL Text: SELECT EXL.EXL_MESSAGE EXL_MESSAGE, EXL.CREATED_DATE CREATED_DATE, EXF.EXF_FILENAME EXF_FILENAME, EXF.EXF_SOURCEFILENAME EXF_SOURCEFILENAME, EXF.EXF_STATUS EXF_STATUS, EXF.EXF_TYPE EXF_TYPE FROM EXCHANGE_LOGS EXL INNER JOIN EXCHANGE_FILES EXF ON EXL.EXF_ID=EXF.EXF_ID
CON\0000000001 Returned: 0 row(s)
CON\0000000001 Total execution Time: 00:00:00.0010000

Load Object Query 
SELECT * FROM information_schema.columns WHERE  table_name = 'SCHEDULER_LOG'
CON\0000000001 >> SQL Text: SELECT SL_ID, JOB_NAME, STATUS, START_TIME, END_TIME, ERROR_MSG FROM SCHEDULER_LOG
CON\0000000001 Returned: 1 row(s)
CON\0000000001 Total execution Time: 00:00:00

Load Object Query 
SELECT * FROM information_schema.columns WHERE  table_name = 'APPLICATION_SETUP'
CON\0000000001 >> SQL Text: SELECT AS_ID, AS_NAME, AS_VALUE, CREATED_DATE, CREATED_BY, MODIFIED_BY, MODIFIED_DATE, VERSION_NO FROM APPLICATION_SETUP
CON\0000000001 Returned: 17 row(s)
CON\0000000001 Total execution Time: 00:00:00.0010000

Load Object Query 
SELECT * FROM information_schema.columns WHERE  table_name = 'FOLDER_MAPPING'
CON\0000000001 >> SQL Text: SELECT FM_ID, LOCAL_PATH, FTP_PATH, EXTENSION, DIRECTION, IS_DS_ENABLED, CREATED_BY, CREATED_DATE, MODIFIED_BY, MODIFIED_DATE, VERSION_NO FROM FOLDER_MAPPING
CON\0000000001 Returned: 4 row(s)
CON\0000000001 Total execution Time: 00:00:00.0010000

Load Object Query 
SELECT * FROM information_schema.columns WHERE  table_name = 'SCHEDULER_LOG'
CON\0000000001 >> SQL Text: SELECT SL_ID, JOB_NAME, STATUS, START_TIME, END_TIME, ERROR_MSG FROM SCHEDULER_LOG
CON\0000000001 Returned: 2 row(s)
CON\0000000001 Total execution Time: 00:00:00.0010000

Load Object Query 
SELECT * FROM information_schema.columns WHERE  table_name = 'EXCHANGE_LOGS'
Load Object Query 
SELECT * FROM information_schema.columns WHERE  table_name = 'EXCHANGE_FILES'
CON\0000000001 >> SQL Text: SELECT EXL.EXL_MESSAGE EXL_MESSAGE, EXL.CREATED_DATE CREATED_DATE, EXF.EXF_FILENAME EXF_FILENAME, EXF.EXF_SOURCEFILENAME EXF_SOURCEFILENAME, EXF.EXF_STATUS EXF_STATUS, EXF.EXF_TYPE EXF_TYPE FROM EXCHANGE_LOGS EXL INNER JOIN EXCHANGE_FILES EXF ON EXL.EXF_ID=EXF.EXF_ID
CON\0000000001 Returned: 4 row(s)
CON\0000000001 Total execution Time: 00:00:00.0010000

Load Object Query 
SELECT * FROM information_schema.columns WHERE  table_name = 'APPLICATION_SETUP'
CON\0000000001 >> SQL Text: SELECT AS_ID, AS_NAME, AS_VALUE, CREATED_DATE, CREATED_BY, MODIFIED_BY, MODIFIED_DATE, VERSION_NO FROM APPLICATION_SETUP
CON\0000000001 Returned: 17 row(s)
CON\0000000001 Total execution Time: 00:00:00.0010000

Load Object Query 
SELECT * FROM information_schema.columns WHERE  table_name = 'FOLDER_MAPPING'
CON\0000000001 >> SQL Text: SELECT FM_ID, LOCAL_PATH, FTP_PATH, EXTENSION, DIRECTION, IS_DS_ENABLED, CREATED_BY, CREATED_DATE, MODIFIED_BY, MODIFIED_DATE, VERSION_NO FROM FOLDER_MAPPING
CON\0000000001 Returned: 4 row(s)
CON\0000000001 Total execution Time: 00:00:00.0010000

Load Object Query 
SELECT * FROM information_schema.columns WHERE  table_name = 'SCHEDULER_LOG'
CON\0000000001 >> SQL Text: SELECT SL_ID, JOB_NAME, STATUS, START_TIME, END_TIME, ERROR_MSG FROM SCHEDULER_LOG
CON\0000000001 Returned: 2 row(s)
CON\0000000001 Total execution Time: 00:00:00.0010000

Load Object Query 
SELECT * FROM information_schema.columns WHERE  table_name = 'EXCHANGE_LOGS'
Load Object Query 
SELECT * FROM information_schema.columns WHERE  table_name = 'EXCHANGE_FILES'
CON\0000000001 >> SQL Text: SELECT EXL.EXL_MESSAGE EXL_MESSAGE, EXL.CREATED_DATE CREATED_DATE, EXF.EXF_FILENAME EXF_FILENAME, EXF.EXF_SOURCEFILENAME EXF_SOURCEFILENAME, EXF.EXF_STATUS EXF_STATUS, EXF.EXF_TYPE EXF_TYPE FROM EXCHANGE_LOGS EXL INNER JOIN EXCHANGE_FILES EXF ON EXL.EXF_ID=EXF.EXF_ID
CON\0000000001 Returned: 4 row(s)
CON\0000000001 Total execution Time: 00:00:00.0010000

Load Object Query 
SELECT * FROM information_schema.columns WHERE  table_name = 'SCHEDULER_LOG'
CON\0000000001 >> SQL Text: SELECT SL_ID, JOB_NAME, STATUS, START_TIME, END_TIME, ERROR_MSG FROM SCHEDULER_LOG
CON\0000000001 Returned: 2 row(s)
CON\0000000001 Total execution Time: 00:00:00

Load Object Query 
SELECT * FROM information_schema.columns WHERE  table_name = 'SCHEDULER_LOG'
CON\0000000001 >> SQL Text: SELECT SL_ID, JOB_NAME, STATUS, START_TIME, END_TIME, ERROR_MSG FROM SCHEDULER_LOG
CON\0000000001 Returned: 2 row(s)
CON\0000000001 Total execution Time: 00:00:00.0010000

